<?xml version="1.0" encoding="UTF-8"?>
<!-- Generated by org.testng.reporters.JUnitReportReporter -->
<testsuite hostname="BDC3-DX-49G7N62" name="com.tests.NewTest5" tests="2" failures="0" timestamp="9 Apr 2019 06:31:50 GMT" time="2.022" errors="0">
  <testcase name="testValidUsersDemoWebShop" time="1.331" classname="com.tests.NewTest5"/>
  <testcase name="testValidUsersDemoWebShop" time="0.691" classname="com.tests.NewTest5"/>
</testsuite> <!-- com.tests.NewTest5 -->
