<?xml version="1.0" encoding="UTF-8"?>
<!-- Generated by org.testng.reporters.JUnitReportReporter -->
<testsuite hostname="BDC3-DX-49G7N62" name="com.tests.NewTest2" tests="1" failures="0" timestamp="8 Apr 2019 10:51:00 GMT" time="28.892" errors="0">
  <testcase name="testKeys" time="28.892" classname="com.tests.NewTest2"/>
</testsuite> <!-- com.tests.NewTest2 -->
