<?xml version="1.0" encoding="UTF-8"?>
<!-- Generated by org.testng.reporters.JUnitReportReporter -->
<testsuite hostname="BDC3-DX-49G7N62" name="com.tests.NewTest3" tests="1" failures="0" timestamp="9 Apr 2019 03:58:25 GMT" time="15.765" errors="0">
  <testcase name="testvisa" time="15.765" classname="com.tests.NewTest3"/>
</testsuite> <!-- com.tests.NewTest3 -->
