<?xml version="1.0" encoding="UTF-8"?>
<!-- Generated by org.testng.reporters.JUnitReportReporter -->
<testsuite hostname="BDC3-DX-49G7N62" name="com.tests.NewTest4" tests="1" failures="0" timestamp="9 Apr 2019 05:03:30 GMT" time="1.133" errors="0">
  <testcase name="excelextract" time="1.133" classname="com.tests.NewTest4"/>
</testsuite> <!-- com.tests.NewTest4 -->
