<?xml version="1.0" encoding="UTF-8"?>
<!-- Generated by org.testng.reporters.JUnitReportReporter -->
<testsuite hostname="BDC3-DX-49G7N62" name="com.tests.NewTest1" tests="1" failures="0" timestamp="8 Apr 2019 09:49:48 GMT" time="31.959" errors="0">
  <testcase name="DragAnddrop" time="31.959" classname="com.tests.NewTest1"/>
</testsuite> <!-- com.tests.NewTest1 -->
